Determining if the pthread_create exist failed with the following output:
Change Dir: /media/Tesla/Bug/FlaskApp/iseeya/iseeya/ai/expression/build/CMakeFiles/CMakeTmp

Run Build Command:"/usr/bin/make" "cmTC_1887a/fast"
/usr/bin/make -f CMakeFiles/cmTC_1887a.dir/build.make CMakeFiles/cmTC_1887a.dir/build
make[1]: Entering directory '/media/Tesla/Bug/FlaskApp/iseeya/iseeya/ai/expression/build/CMakeFiles/CMakeTmp'
Building C object CMakeFiles/cmTC_1887a.dir/CheckSymbolExists.c.o
/usr/bin/cc    -o CMakeFiles/cmTC_1887a.dir/CheckSymbolExists.c.o   -c /media/Tesla/Bug/FlaskApp/iseeya/iseeya/ai/expression/build/CMakeFiles/CMakeTmp/CheckSymbolExists.c
Linking C executable cmTC_1887a
/usr/bin/cmake -E cmake_link_script CMakeFiles/cmTC_1887a.dir/link.txt --verbose=1
/usr/bin/cc      -rdynamic CMakeFiles/cmTC_1887a.dir/CheckSymbolExists.c.o  -o cmTC_1887a 
CMakeFiles/cmTC_1887a.dir/CheckSymbolExists.c.o: In function `main':
CheckSymbolExists.c:(.text+0x1b): undefined reference to `pthread_create'
collect2: error: ld returned 1 exit status
CMakeFiles/cmTC_1887a.dir/build.make:97: recipe for target 'cmTC_1887a' failed
make[1]: *** [cmTC_1887a] Error 1
make[1]: Leaving directory '/media/Tesla/Bug/FlaskApp/iseeya/iseeya/ai/expression/build/CMakeFiles/CMakeTmp'
Makefile:126: recipe for target 'cmTC_1887a/fast' failed
make: *** [cmTC_1887a/fast] Error 2

File /media/Tesla/Bug/FlaskApp/iseeya/iseeya/ai/expression/build/CMakeFiles/CMakeTmp/CheckSymbolExists.c:
/* */
#include <pthread.h>

int main(int argc, char** argv)
{
  (void)argv;
#ifndef pthread_create
  return ((int*)(&pthread_create))[argc];
#else
  (void)argc;
  return 0;
#endif
}

Determining if the function pthread_create exists in the pthreads failed with the following output:
Change Dir: /media/Tesla/Bug/FlaskApp/iseeya/iseeya/ai/expression/build/CMakeFiles/CMakeTmp

Run Build Command:"/usr/bin/make" "cmTC_ee438/fast"
/usr/bin/make -f CMakeFiles/cmTC_ee438.dir/build.make CMakeFiles/cmTC_ee438.dir/build
make[1]: Entering directory '/media/Tesla/Bug/FlaskApp/iseeya/iseeya/ai/expression/build/CMakeFiles/CMakeTmp'
Building C object CMakeFiles/cmTC_ee438.dir/CheckFunctionExists.c.o
/usr/bin/cc   -DCHECK_FUNCTION_EXISTS=pthread_create   -o CMakeFiles/cmTC_ee438.dir/CheckFunctionExists.c.o   -c /usr/share/cmake-3.10/Modules/CheckFunctionExists.c
Linking C executable cmTC_ee438
/usr/bin/cmake -E cmake_link_script CMakeFiles/cmTC_ee438.dir/link.txt --verbose=1
/usr/bin/cc  -DCHECK_FUNCTION_EXISTS=pthread_create    -rdynamic CMakeFiles/cmTC_ee438.dir/CheckFunctionExists.c.o  -o cmTC_ee438 -lpthreads 
/usr/bin/ld: cannot find -lpthreads
collect2: error: ld returned 1 exit status
CMakeFiles/cmTC_ee438.dir/build.make:97: recipe for target 'cmTC_ee438' failed
make[1]: *** [cmTC_ee438] Error 1
make[1]: Leaving directory '/media/Tesla/Bug/FlaskApp/iseeya/iseeya/ai/expression/build/CMakeFiles/CMakeTmp'
Makefile:126: recipe for target 'cmTC_ee438/fast' failed
make: *** [cmTC_ee438/fast] Error 2


